<?xml version="1.0" encoding="UTF-8"?>
<!-- Generated by org.testng.reporters.JUnitReportReporter -->
<testsuite name="org.keyword.testScript.TestSuiteByExcel" tests="1" time="26.374" ignored="0" failures="0" timestamp="22 一月 2017 09:07:56 GMT" skipped="0" hostname="thinlk-PC" errors="0">
  <testcase name="testTestSuite" time="26.374" classname="org.keyword.testScript.TestSuiteByExcel"/>
</testsuite> <!-- org.keyword.testScript.TestSuiteByExcel -->
